<?xml version="1.0" encoding="UTF-8"?>
<testsuite xmlns:xsi="http://www.w3.org/2001/XMLSchema-instance" xsi:noNamespaceSchemaLocation="https://maven.apache.org/surefire/maven-surefire-plugin/xsd/surefire-test-report.xsd" version="3.0.2" name="com.bhfl.webhookapp.WebhookappApplicationTests" time="3.497" tests="1" errors="0" skipped="0" failures="0">
  <properties>
[...]
</properties>
  <testcase name="contextLoads" classname="com.bhfl.webhookapp.WebhookappApplicationTests" time="0.798">
    <system-out><![CDATA[18:06:16.805 [main] INFO org.springframework.test.context.support.AnnotationConfigContextLoaderUtils -- Could not detect default configuration classes for test class [com.bhfl.webhookapp.WebhookappApplicationTests]: WebhookappApplicationTests does not declare any static, non-private, non-final, nested classes annotated with @Configuration.
18:06:16.924 [main] INFO org.springframework.boot.test.context.SpringBootTestContextBootstrapper -- Found @SpringBootConfiguration com.bhfl.webhookapp.WebhookappApplication for test class com.bhfl.webhookapp.WebhookappApplicationTests

  .   ____          _            __ _ _
 /\\ / ___'_ __ _ _(_)_ __  __ _ \ \ \ \
( ( )\___ | '_ | '_| | '_ \/ _` | \ \ \ \
 \\/  ___)| |_)| | | | | || (_| |  ) ) ) )
  '  |____| .__|_| |_|_| |_\__, | / / / /
 =========|_|==============|___/=/_/_/_/

 :: Spring Boot ::                (v3.4.5)

2025-05-11T18:06:17.356+05:30  INFO 16148 --- [webhookapp] [           main] c.b.w.WebhookappApplicationTests         : Starting WebhookappApplicationTests using Java 21.0.7 with PID 16148 (started by Tilak in C:\Users\Tilak\Desktop\temp\webhookapp)
2025-05-11T18:06:17.358+05:30  INFO 16148 --- [webhookapp] [           main] c.b.w.WebhookappApplicationTests         : No active profile set, falling back to 1 default profile: "default"
2025-05-11T18:06:18.655+05:30  INFO 16148 --- [webhookapp] [           main] c.b.w.WebhookappApplicationTests         : Started WebhookappApplicationTests in 1.581 seconds (process running for 2.491)
Webhook URL received: https://bfhldevapigw.healthrx.co.in/hiring/testWebhook/JAVA
Access Token received: eyJhbGciOiJIUzI1NiJ9.eyJyZWdObyI6IjA4MjdDSTIyMTEzOCIsIm5hbWUiOiJUaWxhayBOZWVtYSIsImVtYWlsIjoidGlsYWtuZWVtYTIyMDgxOEBhY3JvcG9saXMuaW4iLCJzdWIiOiJ3ZWJob29rLXVzZXIiLCJpYXQiOjE3NDY5NjY5NzksImV4cCI6MTc0Njk2Nzg3OX0.8yujsMYMZWUxqaTSDGSD6aDXUFFYPVrE8IWUY_drAOM
Sending request to: https://bfhldevapigw.healthrx.co.in/hiring/testWebhook/JAVA
With headers: [Authorization:"eyJhbGciOiJIUzI1NiJ9.eyJyZWdObyI6IjA4MjdDSTIyMTEzOCIsIm5hbWUiOiJUaWxhayBOZWVtYSIsImVtYWlsIjoidGlsYWtuZWVtYTIyMDgxOEBhY3JvcG9saXMuaW4iLCJzdWIiOiJ3ZWJob29rLXVzZXIiLCJpYXQiOjE3NDY5NjY5NzksImV4cCI6MTc0Njk2Nzg3OX0.8yujsMYMZWUxqaTSDGSD6aDXUFFYPVrE8IWUY_drAOM", Content-Type:"application/json"]
With body: SELECT E1.EMP_ID, E1.FIRST_NAME, E1.LAST_NAME, D.DEPARTMENT_NAME, COUNT(E2.EMP_ID) AS YOUNGER_EMPLOYEES_COUNT FROM EMPLOYEE E1 JOIN DEPARTMENT D ON E1.DEPARTMENT = D.DEPARTMENT_ID LEFT JOIN EMPLOYEE E2 ON E1.DEPARTMENT = E2.DEPARTMENT AND E1.DOB < E2.DOB GROUP BY E1.EMP_ID, E1.FIRST_NAME, E1.LAST_NAME, D.DEPARTMENT_NAME ORDER BY E1.EMP_ID DESC
Solution submission response: {"success":true,"message":"Webhook processed successfully"}
]]></system-out>
    <system-err><![CDATA[Mockito is currently self-attaching to enable the inline-mock-maker. This will no longer work in future releases of the JDK. Please add Mockito as an agent to your build what is described in Mockito's documentation: https://javadoc.io/doc/org.mockito/mockito-core/latest/org/mockito/Mockito.html#0.3
WARNING: A Java agent has been loaded dynamically (C:\Users\Tilak\.m2\repository\net\bytebuddy\byte-buddy-agent\1.15.11\byte-buddy-agent-1.15.11.jar)
WARNING: If a serviceability tool is in use, please run with -XX:+EnableDynamicAgentLoading to hide this warning
WARNING: If a serviceability tool is not in use, please run with -Djdk.instrument.traceUsage for more information
WARNING: Dynamic loading of agents will be disallowed by default in a future release
]]></system-err>
  </testcase>
</testsuite>